[debug] > Exec(early(addDefaultCommands), None, None)
[debug] > Exec(addDefaultCommands, None, None)
[debug] > Exec(early(initialize), None, None)
[debug] > Exec(initialize, None, None)
[debug] > Exec(early(addPluginSbtFile="""C:\Users\yekat\AppData\Local\Temp\idea4632.sbt"""), None, None)
[debug] > Exec(addPluginSbtFile="""C:\Users\yekat\AppData\Local\Temp\idea4632.sbt""", None, None)
[debug] > Exec(boot, None, None)
[debug] > Exec(writeSbtVersion, None, None)
[debug] > Exec(reload, None, None)
[debug] > Exec(sbtStashOnFailure, None, None)
[debug] > Exec(onFailure loadFailed, None, None)
[debug] > Exec(loadp, None, None)
[info] welcome to sbt 1.4.7 (AdoptOpenJDK Java 1.8.0_282)
[debug]       Load.loadUnit: plugins took 161.3695ms
[debug]       Load.loadUnit: defsScala took 0.6087ms
[debug] [Loading] Scanning directory C:\Users\yekat\.sbt\1.0\plugins
[debug] [Loading] Found non-root projects 
[debug] [Loading] Done in C:\Users\yekat\.sbt\1.0\plugins, returning: ()
[debug] deducing auto plugins based on known facts Set(Atom(sbt.plugins.CorePlugin)) and clauses Clauses(List(Clause(Atom(sbt.plugins.JvmPlugin),Set(Atom(sbt.plugins.IvyPlugin))), Clause(Atom(sbt.ScriptedPlugin),Set(Atom(sbt.plugins.JvmPlugin))), Clause(Atom(sbt.plugins.SbtPlugin),Set(Atom(sbt.ScriptedPlugin))), Clause(Atom(sbt.plugins.SemanticdbPlugin),Set(Atom(sbt.plugins.JvmPlugin))), Clause(Atom(sbt.plugins.JUnitXmlReportPlugin),Set(Atom(sbt.plugins.JvmPlugin))), Clause(Atom(sbt.plugins.MiniDependencyTreePlugin),Set(Atom(sbt.plugins.JvmPlugin))), Clause(Atom(sbt.plugins.CorePlugin),Set(Atom(sbt.plugins.IvyPlugin))), Clause(Atom(sbt.plugins.IvyPlugin),Set(Atom(sbt.plugins.JvmPlugin))), Clause(Atom(sbt.plugins.JvmPlugin),Set(Atom(sbt.plugins.SemanticdbPlugin))), Clause(Atom(sbt.plugins.JvmPlugin),Set(Atom(sbt.plugins.JUnitXmlReportPlugin))), Clause(Atom(sbt.plugins.CorePlugin),Set(Atom(sbt.plugins.Giter8TemplatePlugin))), Clause(Atom(sbt.plugins.JvmPlugin),Set(Atom(sbt.plugins.MiniDependencyTreePlugin)))))
[debug]   :: deduced result: Matched(sbt.plugins.CorePlugin,sbt.plugins.Giter8TemplatePlugin,sbt.plugins.IvyPlugin,sbt.plugins.JvmPlugin,sbt.plugins.MiniDependencyTreePlugin,sbt.plugins.JUnitXmlReportPlugin,sbt.plugins.SemanticdbPlugin)
[debug] Plugins.deducer#function took 48.5392 ms
[debug]           Load.resolveProject(global-plugins) took 81.0052ms
[debug]         Load.loadTransitive: finalizeProject(Project(id global-plugins, base: C:\Users\yekat\.sbt\1.0\plugins, plugins: List(<none>))) took 158.2493ms
[debug] [Loading] Done in C:\Users\yekat\.sbt\1.0\plugins, returning: (global-plugins)
[debug]       Load.loadUnit: loadedProjectsRaw took 196.085ms
[debug]       Load.loadUnit: cleanEvalClasses took 0.5095ms
[debug]     Load.loadUnit(file:/C:/Users/yekat/.sbt/1.0/plugins/, ...) took 370.3018ms
[debug]   Load.apply: load took 711.3588ms
[debug]   Load.apply: resolveProjects took 16.3966ms
[debug]   Load.apply: finalTransforms took 200.9602ms
[debug]   Load.apply: config.delegates took 30.6542ms
[debug]   Load.apply: Def.make(settings)... took 2663.1188ms
[debug]   Load.apply: structureIndex took 597.0403ms
[debug]   Load.apply: mkStreams took 4.4573ms
[info] loading global plugins from C:\Users\yekat\.sbt\1.0\plugins
[debug] Running task... Cancel: Signal, check cycles: false, forcegc: true
[debug] Load.defaultLoad until apply took 9172.7098ms
[debug]           Load.loadUnit: plugins took 43.4723ms
[debug]           Load.loadUnit: defsScala took 0.0053ms
[debug] [Loading] Scanning directory D:\ScalaProjects\untitled1\project
[debug]             Load.loadUnit: mkEval took 7.0362ms
[debug] [Loading] Found non-root projects 
[debug] [Loading] Done in D:\ScalaProjects\untitled1\project, returning: ()
[debug] deducing auto plugins based on known facts Set(Atom(sbt.plugins.CorePlugin)) and clauses Clauses(List(Clause(Atom(sbt.plugins.JvmPlugin),Set(Atom(sbt.plugins.IvyPlugin))), Clause(Atom(sbt.ScriptedPlugin),Set(Atom(sbt.plugins.JvmPlugin))), Clause(Atom(sbt.plugins.SbtPlugin),Set(Atom(sbt.ScriptedPlugin))), Clause(Atom(sbt.plugins.SemanticdbPlugin),Set(Atom(sbt.plugins.JvmPlugin))), Clause(Atom(sbt.plugins.JUnitXmlReportPlugin),Set(Atom(sbt.plugins.JvmPlugin))), Clause(Atom(sbt.plugins.MiniDependencyTreePlugin),Set(Atom(sbt.plugins.JvmPlugin))), Clause(Atom(sbt.plugins.CorePlugin),Set(Atom(sbt.plugins.IvyPlugin))), Clause(Atom(sbt.plugins.IvyPlugin),Set(Atom(sbt.plugins.JvmPlugin))), Clause(Atom(sbt.plugins.JvmPlugin),Set(Atom(sbt.plugins.SemanticdbPlugin))), Clause(Atom(sbt.plugins.JvmPlugin),Set(Atom(sbt.plugins.JUnitXmlReportPlugin))), Clause(Atom(sbt.plugins.CorePlugin),Set(Atom(sbt.plugins.Giter8TemplatePlugin))), Clause(Atom(sbt.plugins.JvmPlugin),Set(Atom(sbt.plugins.MiniDependencyTreePlugin)))))
[debug]   :: deduced result: Matched(sbt.plugins.CorePlugin,sbt.plugins.Giter8TemplatePlugin,sbt.plugins.IvyPlugin,sbt.plugins.JvmPlugin,sbt.plugins.MiniDependencyTreePlugin,sbt.plugins.JUnitXmlReportPlugin,sbt.plugins.SemanticdbPlugin)
[debug] Plugins.deducer#function took 5.4071 ms
[info] loading settings for project untitled1-build from idea4632.sbt ...
[debug]               Load.resolveProject(untitled1-build) took 4.389ms
[debug]             Load.loadTransitive: finalizeProject(Project(id untitled1-build, base: D:\ScalaProjects\untitled1\project, plugins: List(<none>))) took 11.0045ms
[debug] [Loading] Done in D:\ScalaProjects\untitled1\project, returning: (untitled1-build)
[debug]           Load.loadUnit: loadedProjectsRaw took 278.0093ms
[debug]           Load.loadUnit: cleanEvalClasses took 9.4699ms
[debug]         Load.loadUnit(file:/D:/ScalaProjects/untitled1/project/, ...) took 332.2758ms
[debug]       Load.apply: load took 337.1373ms
[debug]       Load.apply: resolveProjects took 0.1823ms
[debug]       Load.apply: finalTransforms took 56.1243ms
[debug]       Load.apply: config.delegates took 0.8824ms
[debug]       Load.apply: Def.make(settings)... took 272.1293ms
[debug]       Load.apply: structureIndex took 146.0411ms
[debug]       Load.apply: mkStreams took 0.0039ms
[info] loading project definition from D:\ScalaProjects\untitled1\project
[debug] Running task... Cancel: Signal, check cycles: false, forcegc: true
[debug]     Load.loadUnit: plugins took 1676.4318ms
[debug]     Load.loadUnit: defsScala took 0.0108ms
[debug] [Loading] Scanning directory D:\ScalaProjects\untitled1
[debug]       Load.loadUnit: mkEval took 0.3226ms
[debug] [Loading] Found non-root projects 
[debug] [Loading] Done in D:\ScalaProjects\untitled1, returning: ()
[debug] deducing auto plugins based on known facts Set(Atom(sbt.plugins.CorePlugin)) and clauses Clauses(List(Clause(Atom(sbt.plugins.JvmPlugin),Set(Atom(sbt.plugins.IvyPlugin))), Clause(Atom(sbt.ScriptedPlugin),Set(Atom(sbt.plugins.JvmPlugin))), Clause(Atom(sbt.plugins.SbtPlugin),Set(Atom(sbt.ScriptedPlugin))), Clause(Atom(sbt.plugins.SemanticdbPlugin),Set(Atom(sbt.plugins.JvmPlugin))), Clause(Atom(sbt.plugins.JUnitXmlReportPlugin),Set(Atom(sbt.plugins.JvmPlugin))), Clause(Atom(sbt.plugins.MiniDependencyTreePlugin),Set(Atom(sbt.plugins.JvmPlugin))), Clause(Atom(org.jetbrains.sbt.StructurePlugin),Set(Atom(sbt.plugins.JvmPlugin))), Clause(Atom(org.jetbrains.sbt.IdeaShellPlugin),Set(Atom(sbt.plugins.JvmPlugin))), Clause(Atom(org.jetbrains.sbt.indices.SbtIntellijIndicesPlugin),Set(Atom(sbt.plugins.JvmPlugin))), Clause(Atom(sbt.plugins.CorePlugin),Set(Atom(sbt.plugins.IvyPlugin))), Clause(Atom(sbt.plugins.IvyPlugin),Set(Atom(sbt.plugins.JvmPlugin))), Clause(Atom(sbt.plugins.JvmPlugin),Set(Atom(sbt.plugins.SemanticdbPlugin))), Clause(Atom(sbt.plugins.JvmPlugin),Set(Atom(sbt.plugins.JUnitXmlReportPlugin))), Clause(Atom(sbt.plugins.CorePlugin),Set(Atom(sbt.plugins.Giter8TemplatePlugin))), Clause(Atom(sbt.plugins.JvmPlugin),Set(Atom(sbt.plugins.MiniDependencyTreePlugin))), Clause(Atom(sbt.plugins.JvmPlugin),Set(Atom(org.jetbrains.sbt.StructurePlugin))), Clause(Atom(sbt.plugins.JvmPlugin),Set(Atom(org.jetbrains.sbt.IdeaShellPlugin))), Clause(And(Set(Atom(sbt.plugins.CorePlugin), Atom(sbt.plugins.JvmPlugin))),Set(Atom(org.jetbrains.sbt.indices.SbtIntellijIndicesPlugin)))))
[debug]   :: deduced result: Matched(sbt.plugins.CorePlugin,sbt.plugins.Giter8TemplatePlugin,sbt.plugins.IvyPlugin,sbt.plugins.JvmPlugin,sbt.plugins.SemanticdbPlugin,org.jetbrains.sbt.indices.SbtIntellijIndicesPlugin,sbt.plugins.JUnitXmlReportPlugin,org.jetbrains.sbt.IdeaShellPlugin,org.jetbrains.sbt.StructurePlugin,sbt.plugins.MiniDependencyTreePlugin)
[debug] Plugins.deducer#function took 8.1555 ms
[info] loading settings for project untitled1 from build.sbt ...
[debug]         Load.resolveProject(untitled1) took 78.1216ms
[debug]       Load.loadTransitive: finalizeProject(Project(id untitled1, base: D:\ScalaProjects\untitled1, plugins: List(<none>))) took 88.4849ms
[debug] [Loading] Done in D:\ScalaProjects\untitled1, returning: (untitled1)
[debug]     Load.loadUnit: loadedProjectsRaw took 299.611ms
[debug]     Load.loadUnit: cleanEvalClasses took 13.3343ms
[debug]   Load.loadUnit(file:/D:/ScalaProjects/untitled1/, ...) took 1990.4976ms
[debug] Load.apply: load took 1999.0378ms
[debug] Load.apply: resolveProjects took 0.1353ms
[debug] Load.apply: finalTransforms took 109.9671ms
[debug] Load.apply: config.delegates took 2.5691ms
[debug] Load.apply: Def.make(settings)... took 380.9758ms
[debug] Load.apply: structureIndex took 105.7791ms
[debug] Load.apply: mkStreams took 0.0036ms
[info] set current project to untitled1 (in build file:/D:/ScalaProjects/untitled1/)
[debug] > Exec(sbtPopOnFailure, None, None)
[debug] > Exec(resumeFromFailure, None, None)
[debug] > Exec(notifyUsersAboutShell, None, None)
[debug] > Exec(iflast shell, None, None)
[debug] > Exec(; set ideaPort in Global := 54281 ; idea-shell, None, None)
[debug] > Exec(set ideaPort in Global := 54281, None, None)
[info] Defining Global / ideaPort
[info] The new value will be used by Compile / compile, Test / compile
[debug] Defining 
[debug] 	Global / ideaPort
[debug] 
[debug] The new value will be used by 
[debug] 	Compile / compile
[debug] 	Test / compile
[info] Reapplying settings...
[info] set current project to untitled1 (in build file:/D:/ScalaProjects/untitled1/)
[debug] > Exec(idea-shell, None, None)
