[debug] > Exec(early(addDefaultCommands), None, None)
[debug] > Exec(addDefaultCommands, None, None)
[debug] > Exec(early(initialize), None, None)
[debug] > Exec(initialize, None, None)
[debug] > Exec(early(addPluginSbtFile="""C:\Users\yekat\AppData\Local\Temp\idea10.sbt"""), None, None)
[debug] > Exec(addPluginSbtFile="""C:\Users\yekat\AppData\Local\Temp\idea10.sbt""", None, None)
[debug] > Exec(boot, None, None)
[debug] > Exec(writeSbtVersion, None, None)
[debug] > Exec(reload, None, None)
[debug] > Exec(sbtStashOnFailure, None, None)
[debug] > Exec(onFailure loadFailed, None, None)
[debug] > Exec(loadp, None, None)
[info] welcome to sbt 1.4.7 (AdoptOpenJDK Java 1.8.0_282)
[debug]       Load.loadUnit: plugins took 167.5381ms
[debug]       Load.loadUnit: defsScala took 0.4447ms
[debug] [Loading] Scanning directory C:\Users\yekat\.sbt\1.0\plugins
[debug] [Loading] Found non-root projects 
[debug] [Loading] Done in C:\Users\yekat\.sbt\1.0\plugins, returning: ()
[debug] deducing auto plugins based on known facts Set(Atom(sbt.plugins.CorePlugin)) and clauses Clauses(List(Clause(Atom(sbt.plugins.JvmPlugin),Set(Atom(sbt.plugins.IvyPlugin))), Clause(Atom(sbt.ScriptedPlugin),Set(Atom(sbt.plugins.JvmPlugin))), Clause(Atom(sbt.plugins.SbtPlugin),Set(Atom(sbt.ScriptedPlugin))), Clause(Atom(sbt.plugins.SemanticdbPlugin),Set(Atom(sbt.plugins.JvmPlugin))), Clause(Atom(sbt.plugins.JUnitXmlReportPlugin),Set(Atom(sbt.plugins.JvmPlugin))), Clause(Atom(sbt.plugins.MiniDependencyTreePlugin),Set(Atom(sbt.plugins.JvmPlugin))), Clause(Atom(sbt.plugins.CorePlugin),Set(Atom(sbt.plugins.IvyPlugin))), Clause(Atom(sbt.plugins.IvyPlugin),Set(Atom(sbt.plugins.JvmPlugin))), Clause(Atom(sbt.plugins.JvmPlugin),Set(Atom(sbt.plugins.SemanticdbPlugin))), Clause(Atom(sbt.plugins.JvmPlugin),Set(Atom(sbt.plugins.JUnitXmlReportPlugin))), Clause(Atom(sbt.plugins.CorePlugin),Set(Atom(sbt.plugins.Giter8TemplatePlugin))), Clause(Atom(sbt.plugins.JvmPlugin),Set(Atom(sbt.plugins.MiniDependencyTreePlugin)))))
[debug]   :: deduced result: Matched(sbt.plugins.CorePlugin,sbt.plugins.Giter8TemplatePlugin,sbt.plugins.IvyPlugin,sbt.plugins.JvmPlugin,sbt.plugins.MiniDependencyTreePlugin,sbt.plugins.JUnitXmlReportPlugin,sbt.plugins.SemanticdbPlugin)
[debug] Plugins.deducer#function took 33.3471 ms
[debug]           Load.resolveProject(global-plugins) took 67.719ms
[debug]         Load.loadTransitive: finalizeProject(Project(id global-plugins, base: C:\Users\yekat\.sbt\1.0\plugins, plugins: List(<none>))) took 124.7131ms
[debug] [Loading] Done in C:\Users\yekat\.sbt\1.0\plugins, returning: (global-plugins)
[debug]       Load.loadUnit: loadedProjectsRaw took 160.7798ms
[debug]       Load.loadUnit: cleanEvalClasses took 0.4459ms
[debug]     Load.loadUnit(file:/C:/Users/yekat/.sbt/1.0/plugins/, ...) took 339.3904ms
[debug]   Load.apply: load took 586.2291ms
[debug]   Load.apply: resolveProjects took 9.2839ms
[debug]   Load.apply: finalTransforms took 148.732ms
[debug]   Load.apply: config.delegates took 11.0466ms
[debug]   Load.apply: Def.make(settings)... took 1744.8179ms
[debug]   Load.apply: structureIndex took 284.462ms
[debug]   Load.apply: mkStreams took 7.8821ms
[info] loading global plugins from C:\Users\yekat\.sbt\1.0\plugins
[debug] Running task... Cancel: Signal, check cycles: false, forcegc: true
[debug] Load.defaultLoad until apply took 6142.0682ms
[debug]           Load.loadUnit: plugins took 36.6073ms
[debug]           Load.loadUnit: defsScala took 0.0058ms
[debug] [Loading] Scanning directory D:\ScalaProjects\ToDoProject\project
[debug]             Load.loadUnit: mkEval took 5.1859ms
[debug] [Loading] Found non-root projects 
[debug] [Loading] Done in D:\ScalaProjects\ToDoProject\project, returning: ()
[debug] deducing auto plugins based on known facts Set(Atom(sbt.plugins.CorePlugin)) and clauses Clauses(List(Clause(Atom(sbt.plugins.JvmPlugin),Set(Atom(sbt.plugins.IvyPlugin))), Clause(Atom(sbt.ScriptedPlugin),Set(Atom(sbt.plugins.JvmPlugin))), Clause(Atom(sbt.plugins.SbtPlugin),Set(Atom(sbt.ScriptedPlugin))), Clause(Atom(sbt.plugins.SemanticdbPlugin),Set(Atom(sbt.plugins.JvmPlugin))), Clause(Atom(sbt.plugins.JUnitXmlReportPlugin),Set(Atom(sbt.plugins.JvmPlugin))), Clause(Atom(sbt.plugins.MiniDependencyTreePlugin),Set(Atom(sbt.plugins.JvmPlugin))), Clause(Atom(sbt.plugins.CorePlugin),Set(Atom(sbt.plugins.IvyPlugin))), Clause(Atom(sbt.plugins.IvyPlugin),Set(Atom(sbt.plugins.JvmPlugin))), Clause(Atom(sbt.plugins.JvmPlugin),Set(Atom(sbt.plugins.SemanticdbPlugin))), Clause(Atom(sbt.plugins.JvmPlugin),Set(Atom(sbt.plugins.JUnitXmlReportPlugin))), Clause(Atom(sbt.plugins.CorePlugin),Set(Atom(sbt.plugins.Giter8TemplatePlugin))), Clause(Atom(sbt.plugins.JvmPlugin),Set(Atom(sbt.plugins.MiniDependencyTreePlugin)))))
[debug]   :: deduced result: Matched(sbt.plugins.CorePlugin,sbt.plugins.Giter8TemplatePlugin,sbt.plugins.IvyPlugin,sbt.plugins.JvmPlugin,sbt.plugins.MiniDependencyTreePlugin,sbt.plugins.JUnitXmlReportPlugin,sbt.plugins.SemanticdbPlugin)
[debug] Plugins.deducer#function took 3.1956 ms
[info] loading settings for project todoproject-build from idea10.sbt ...
[debug]               Load.resolveProject(todoproject-build) took 11.3847ms
[debug]             Load.loadTransitive: finalizeProject(Project(id todoproject-build, base: D:\ScalaProjects\ToDoProject\project, plugins: List(<none>))) took 15.2811ms
[debug] [Loading] Done in D:\ScalaProjects\ToDoProject\project, returning: (todoproject-build)
[debug]           Load.loadUnit: loadedProjectsRaw took 211.7172ms
[debug]           Load.loadUnit: cleanEvalClasses took 5.8337ms
[debug]         Load.loadUnit(file:/D:/ScalaProjects/ToDoProject/project/, ...) took 255.3153ms
[debug]       Load.apply: load took 258.6061ms
[debug]       Load.apply: resolveProjects took 0.1606ms
[debug]       Load.apply: finalTransforms took 32.9622ms
[debug]       Load.apply: config.delegates took 1.0956ms
[debug]       Load.apply: Def.make(settings)... took 210.9355ms
[debug]       Load.apply: structureIndex took 92.2621ms
[debug]       Load.apply: mkStreams took 0.0033ms
[info] loading project definition from D:\ScalaProjects\ToDoProject\project
[debug] Running task... Cancel: Signal, check cycles: false, forcegc: true
[debug]     Load.loadUnit: plugins took 1110.2204ms
[debug]     Load.loadUnit: defsScala took 0.0083ms
[debug] [Loading] Scanning directory D:\ScalaProjects\ToDoProject
[debug]       Load.loadUnit: mkEval took 0.7746ms
[debug] [Loading] Found non-root projects 
[debug] [Loading] Done in D:\ScalaProjects\ToDoProject, returning: ()
[debug] deducing auto plugins based on known facts Set(Atom(sbt.plugins.CorePlugin)) and clauses Clauses(List(Clause(Atom(sbt.plugins.JvmPlugin),Set(Atom(sbt.plugins.IvyPlugin))), Clause(Atom(sbt.ScriptedPlugin),Set(Atom(sbt.plugins.JvmPlugin))), Clause(Atom(sbt.plugins.SbtPlugin),Set(Atom(sbt.ScriptedPlugin))), Clause(Atom(sbt.plugins.SemanticdbPlugin),Set(Atom(sbt.plugins.JvmPlugin))), Clause(Atom(sbt.plugins.JUnitXmlReportPlugin),Set(Atom(sbt.plugins.JvmPlugin))), Clause(Atom(sbt.plugins.MiniDependencyTreePlugin),Set(Atom(sbt.plugins.JvmPlugin))), Clause(Atom(org.jetbrains.sbt.StructurePlugin),Set(Atom(sbt.plugins.JvmPlugin))), Clause(Atom(org.jetbrains.sbt.IdeaShellPlugin),Set(Atom(sbt.plugins.JvmPlugin))), Clause(Atom(org.jetbrains.sbt.indices.SbtIntellijIndicesPlugin),Set(Atom(sbt.plugins.JvmPlugin))), Clause(Atom(sbt.plugins.CorePlugin),Set(Atom(sbt.plugins.IvyPlugin))), Clause(Atom(sbt.plugins.IvyPlugin),Set(Atom(sbt.plugins.JvmPlugin))), Clause(Atom(sbt.plugins.JvmPlugin),Set(Atom(sbt.plugins.SemanticdbPlugin))), Clause(Atom(sbt.plugins.JvmPlugin),Set(Atom(sbt.plugins.JUnitXmlReportPlugin))), Clause(Atom(sbt.plugins.CorePlugin),Set(Atom(sbt.plugins.Giter8TemplatePlugin))), Clause(Atom(sbt.plugins.JvmPlugin),Set(Atom(sbt.plugins.MiniDependencyTreePlugin))), Clause(Atom(sbt.plugins.JvmPlugin),Set(Atom(org.jetbrains.sbt.StructurePlugin))), Clause(Atom(sbt.plugins.JvmPlugin),Set(Atom(org.jetbrains.sbt.IdeaShellPlugin))), Clause(And(Set(Atom(sbt.plugins.CorePlugin), Atom(sbt.plugins.JvmPlugin))),Set(Atom(org.jetbrains.sbt.indices.SbtIntellijIndicesPlugin)))))
[debug]   :: deduced result: Matched(sbt.plugins.CorePlugin,sbt.plugins.Giter8TemplatePlugin,sbt.plugins.IvyPlugin,sbt.plugins.JvmPlugin,sbt.plugins.SemanticdbPlugin,org.jetbrains.sbt.indices.SbtIntellijIndicesPlugin,sbt.plugins.JUnitXmlReportPlugin,org.jetbrains.sbt.IdeaShellPlugin,org.jetbrains.sbt.StructurePlugin,sbt.plugins.MiniDependencyTreePlugin)
[debug] Plugins.deducer#function took 5.4521 ms
[info] loading settings for project todoproject from build.sbt ...
[debug]         Load.resolveProject(todoproject) took 51.9425ms
[debug]       Load.loadTransitive: finalizeProject(Project(id todoproject, base: D:\ScalaProjects\ToDoProject, plugins: List(<none>))) took 59.0695ms
[debug] [Loading] Done in D:\ScalaProjects\ToDoProject, returning: (todoproject)
[debug]     Load.loadUnit: loadedProjectsRaw took 222.3931ms
[debug]     Load.loadUnit: cleanEvalClasses took 8.4409ms
[debug]   Load.loadUnit(file:/D:/ScalaProjects/ToDoProject/, ...) took 1342.2453ms
[debug] Load.apply: load took 1344.2796ms
[debug] Load.apply: resolveProjects took 0.1158ms
[debug] Load.apply: finalTransforms took 52.5442ms
[debug] Load.apply: config.delegates took 0.6014ms
[debug] Load.apply: Def.make(settings)... took 222.0599ms
[debug] Load.apply: structureIndex took 74.2946ms
[debug] Load.apply: mkStreams took 0.0048ms
[info] set current project to untitled1 (in build file:/D:/ScalaProjects/ToDoProject/)
[debug] > Exec(sbtPopOnFailure, None, None)
[debug] > Exec(resumeFromFailure, None, None)
[debug] > Exec(notifyUsersAboutShell, None, None)
[debug] > Exec(iflast shell, None, None)
[debug] > Exec(; set ideaPort in Global := 58254 ; idea-shell, None, None)
[debug] > Exec(set ideaPort in Global := 58254, None, None)
[info] Defining Global / ideaPort
[info] The new value will be used by Compile / compile, Test / compile
[debug] Defining 
[debug] 	Global / ideaPort
[debug] 
[debug] The new value will be used by 
[debug] 	Compile / compile
[debug] 	Test / compile
[info] Reapplying settings...
[info] set current project to untitled1 (in build file:/D:/ScalaProjects/ToDoProject/)
[debug] > Exec(idea-shell, None, None)
