[debug] > Exec(early(addDefaultCommands), None, None)
[debug] > Exec(addDefaultCommands, None, None)
[debug] > Exec(early(initialize), None, None)
[debug] > Exec(initialize, None, None)
[debug] > Exec(early(addPluginSbtFile="""C:\Users\yekat\AppData\Local\Temp\idea2.sbt"""), None, None)
[debug] > Exec(addPluginSbtFile="""C:\Users\yekat\AppData\Local\Temp\idea2.sbt""", None, None)
[debug] > Exec(boot, None, None)
[debug] > Exec(writeSbtVersion, None, None)
[debug] > Exec(reload, None, None)
[debug] > Exec(sbtStashOnFailure, None, None)
[debug] > Exec(onFailure loadFailed, None, None)
[debug] > Exec(loadp, None, None)
[info] welcome to sbt 1.4.7 (AdoptOpenJDK Java 1.8.0_282)
[debug]       Load.loadUnit: plugins took 62.4086ms
[debug]       Load.loadUnit: defsScala took 0.2561ms
[debug] [Loading] Scanning directory C:\Users\yekat\.sbt\1.0\plugins
[debug] [Loading] Found non-root projects 
[debug] [Loading] Done in C:\Users\yekat\.sbt\1.0\plugins, returning: ()
[debug] deducing auto plugins based on known facts Set(Atom(sbt.plugins.CorePlugin)) and clauses Clauses(List(Clause(Atom(sbt.plugins.JvmPlugin),Set(Atom(sbt.plugins.IvyPlugin))), Clause(Atom(sbt.ScriptedPlugin),Set(Atom(sbt.plugins.JvmPlugin))), Clause(Atom(sbt.plugins.SbtPlugin),Set(Atom(sbt.ScriptedPlugin))), Clause(Atom(sbt.plugins.SemanticdbPlugin),Set(Atom(sbt.plugins.JvmPlugin))), Clause(Atom(sbt.plugins.JUnitXmlReportPlugin),Set(Atom(sbt.plugins.JvmPlugin))), Clause(Atom(sbt.plugins.MiniDependencyTreePlugin),Set(Atom(sbt.plugins.JvmPlugin))), Clause(Atom(sbt.plugins.CorePlugin),Set(Atom(sbt.plugins.IvyPlugin))), Clause(Atom(sbt.plugins.IvyPlugin),Set(Atom(sbt.plugins.JvmPlugin))), Clause(Atom(sbt.plugins.JvmPlugin),Set(Atom(sbt.plugins.SemanticdbPlugin))), Clause(Atom(sbt.plugins.JvmPlugin),Set(Atom(sbt.plugins.JUnitXmlReportPlugin))), Clause(Atom(sbt.plugins.CorePlugin),Set(Atom(sbt.plugins.Giter8TemplatePlugin))), Clause(Atom(sbt.plugins.JvmPlugin),Set(Atom(sbt.plugins.MiniDependencyTreePlugin)))))
[debug]   :: deduced result: Matched(sbt.plugins.CorePlugin,sbt.plugins.Giter8TemplatePlugin,sbt.plugins.IvyPlugin,sbt.plugins.JvmPlugin,sbt.plugins.MiniDependencyTreePlugin,sbt.plugins.JUnitXmlReportPlugin,sbt.plugins.SemanticdbPlugin)
[debug] Plugins.deducer#function took 23.7083 ms
[debug]           Load.resolveProject(global-plugins) took 42.4292ms
[debug]         Load.loadTransitive: finalizeProject(Project(id global-plugins, base: C:\Users\yekat\.sbt\1.0\plugins, plugins: List(<none>))) took 81.1652ms
[debug] [Loading] Done in C:\Users\yekat\.sbt\1.0\plugins, returning: (global-plugins)
[debug]       Load.loadUnit: loadedProjectsRaw took 104.2011ms
[debug]       Load.loadUnit: cleanEvalClasses took 0.244ms
[debug]     Load.loadUnit(file:/C:/Users/yekat/.sbt/1.0/plugins/, ...) took 173.1693ms
[debug]   Load.apply: load took 351.2257ms
[debug]   Load.apply: resolveProjects took 6.3966ms
[debug]   Load.apply: finalTransforms took 106.6434ms
[debug]   Load.apply: config.delegates took 7.2107ms
[debug]   Load.apply: Def.make(settings)... took 3352.7056ms
[debug]   Load.apply: structureIndex took 238.7747ms
[debug]   Load.apply: mkStreams took 1.9986ms
[info] loading global plugins from C:\Users\yekat\.sbt\1.0\plugins
[debug] Running task... Cancel: Signal, check cycles: false, forcegc: true
[debug] Load.defaultLoad until apply took 6409.2674ms
[debug]           Load.loadUnit: plugins took 25.9643ms
[debug]           Load.loadUnit: defsScala took 0.0049ms
[debug] [Loading] Scanning directory D:\ScalaBackendNew\ToDoProject\project
[debug]             Load.loadUnit: mkEval took 4.6714ms
[debug] [Loading] Found non-root projects 
[debug] [Loading] Done in D:\ScalaBackendNew\ToDoProject\project, returning: ()
[debug] deducing auto plugins based on known facts Set(Atom(sbt.plugins.CorePlugin)) and clauses Clauses(List(Clause(Atom(sbt.plugins.JvmPlugin),Set(Atom(sbt.plugins.IvyPlugin))), Clause(Atom(sbt.ScriptedPlugin),Set(Atom(sbt.plugins.JvmPlugin))), Clause(Atom(sbt.plugins.SbtPlugin),Set(Atom(sbt.ScriptedPlugin))), Clause(Atom(sbt.plugins.SemanticdbPlugin),Set(Atom(sbt.plugins.JvmPlugin))), Clause(Atom(sbt.plugins.JUnitXmlReportPlugin),Set(Atom(sbt.plugins.JvmPlugin))), Clause(Atom(sbt.plugins.MiniDependencyTreePlugin),Set(Atom(sbt.plugins.JvmPlugin))), Clause(Atom(sbt.plugins.CorePlugin),Set(Atom(sbt.plugins.IvyPlugin))), Clause(Atom(sbt.plugins.IvyPlugin),Set(Atom(sbt.plugins.JvmPlugin))), Clause(Atom(sbt.plugins.JvmPlugin),Set(Atom(sbt.plugins.SemanticdbPlugin))), Clause(Atom(sbt.plugins.JvmPlugin),Set(Atom(sbt.plugins.JUnitXmlReportPlugin))), Clause(Atom(sbt.plugins.CorePlugin),Set(Atom(sbt.plugins.Giter8TemplatePlugin))), Clause(Atom(sbt.plugins.JvmPlugin),Set(Atom(sbt.plugins.MiniDependencyTreePlugin)))))
[debug]   :: deduced result: Matched(sbt.plugins.CorePlugin,sbt.plugins.Giter8TemplatePlugin,sbt.plugins.IvyPlugin,sbt.plugins.JvmPlugin,sbt.plugins.MiniDependencyTreePlugin,sbt.plugins.JUnitXmlReportPlugin,sbt.plugins.SemanticdbPlugin)
[debug] Plugins.deducer#function took 3.6487 ms
[info] loading settings for project todoproject-build from idea2.sbt ...
[debug]               Load.resolveProject(todoproject-build) took 12.0999ms
[debug]             Load.loadTransitive: finalizeProject(Project(id todoproject-build, base: D:\ScalaBackendNew\ToDoProject\project, plugins: List(<none>))) took 16.5262ms
[debug] [Loading] Done in D:\ScalaBackendNew\ToDoProject\project, returning: (todoproject-build)
[debug]           Load.loadUnit: loadedProjectsRaw took 4003.0581ms
[debug]           Load.loadUnit: cleanEvalClasses took 6.5297ms
[debug]         Load.loadUnit(file:/D:/ScalaBackendNew/ToDoProject/project/, ...) took 4036.6009ms
[debug]       Load.apply: load took 4039.5622ms
[debug]       Load.apply: resolveProjects took 0.1453ms
[debug]       Load.apply: finalTransforms took 28.116ms
[debug]       Load.apply: config.delegates took 0.6911ms
[debug]       Load.apply: Def.make(settings)... took 183.4256ms
[debug]       Load.apply: structureIndex took 67.8678ms
[debug]       Load.apply: mkStreams took 0.0025ms
[info] loading project definition from D:\ScalaBackendNew\ToDoProject\project
[debug] Running task... Cancel: Signal, check cycles: false, forcegc: true
[debug]     Load.loadUnit: plugins took 5911.8518ms
[debug]     Load.loadUnit: defsScala took 0.0061ms
[debug] [Loading] Scanning directory D:\ScalaBackendNew\ToDoProject
[debug]       Load.loadUnit: mkEval took 0.2778ms
[debug] [Loading] Found non-root projects 
[debug] [Loading] Done in D:\ScalaBackendNew\ToDoProject, returning: ()
[debug] deducing auto plugins based on known facts Set(Atom(sbt.plugins.CorePlugin)) and clauses Clauses(List(Clause(Atom(sbt.plugins.JvmPlugin),Set(Atom(sbt.plugins.IvyPlugin))), Clause(Atom(sbt.ScriptedPlugin),Set(Atom(sbt.plugins.JvmPlugin))), Clause(Atom(sbt.plugins.SbtPlugin),Set(Atom(sbt.ScriptedPlugin))), Clause(Atom(sbt.plugins.SemanticdbPlugin),Set(Atom(sbt.plugins.JvmPlugin))), Clause(Atom(sbt.plugins.JUnitXmlReportPlugin),Set(Atom(sbt.plugins.JvmPlugin))), Clause(Atom(sbt.plugins.MiniDependencyTreePlugin),Set(Atom(sbt.plugins.JvmPlugin))), Clause(Atom(org.jetbrains.sbt.StructurePlugin),Set(Atom(sbt.plugins.JvmPlugin))), Clause(Atom(org.jetbrains.sbt.IdeaShellPlugin),Set(Atom(sbt.plugins.JvmPlugin))), Clause(Atom(org.jetbrains.sbt.indices.SbtIntellijIndicesPlugin),Set(Atom(sbt.plugins.JvmPlugin))), Clause(Atom(sbt.plugins.CorePlugin),Set(Atom(sbt.plugins.IvyPlugin))), Clause(Atom(sbt.plugins.IvyPlugin),Set(Atom(sbt.plugins.JvmPlugin))), Clause(Atom(sbt.plugins.JvmPlugin),Set(Atom(sbt.plugins.SemanticdbPlugin))), Clause(Atom(sbt.plugins.JvmPlugin),Set(Atom(sbt.plugins.JUnitXmlReportPlugin))), Clause(Atom(sbt.plugins.CorePlugin),Set(Atom(sbt.plugins.Giter8TemplatePlugin))), Clause(Atom(sbt.plugins.JvmPlugin),Set(Atom(sbt.plugins.MiniDependencyTreePlugin))), Clause(Atom(sbt.plugins.JvmPlugin),Set(Atom(org.jetbrains.sbt.StructurePlugin))), Clause(Atom(sbt.plugins.JvmPlugin),Set(Atom(org.jetbrains.sbt.IdeaShellPlugin))), Clause(And(Set(Atom(sbt.plugins.CorePlugin), Atom(sbt.plugins.JvmPlugin))),Set(Atom(org.jetbrains.sbt.indices.SbtIntellijIndicesPlugin)))))
[debug]   :: deduced result: Matched(sbt.plugins.CorePlugin,sbt.plugins.Giter8TemplatePlugin,sbt.plugins.IvyPlugin,sbt.plugins.JvmPlugin,sbt.plugins.SemanticdbPlugin,org.jetbrains.sbt.indices.SbtIntellijIndicesPlugin,sbt.plugins.JUnitXmlReportPlugin,org.jetbrains.sbt.IdeaShellPlugin,org.jetbrains.sbt.StructurePlugin,sbt.plugins.MiniDependencyTreePlugin)
[debug] Plugins.deducer#function took 4.9694 ms
[info] loading settings for project todoproject from build.sbt ...
[debug]         Load.resolveProject(todoproject) took 33.5968ms
[debug]       Load.loadTransitive: finalizeProject(Project(id todoproject, base: D:\ScalaBackendNew\ToDoProject, plugins: List(<none>))) took 40.3988ms
[debug] [Loading] Done in D:\ScalaBackendNew\ToDoProject, returning: (todoproject)
[debug]     Load.loadUnit: loadedProjectsRaw took 3793.5709ms
[debug]     Load.loadUnit: cleanEvalClasses took 16.9525ms
[debug]   Load.loadUnit(file:/D:/ScalaBackendNew/ToDoProject/, ...) took 9723.1476ms
[debug] Load.apply: load took 9724.7472ms
[debug] Load.apply: resolveProjects took 0.0957ms
[debug] Load.apply: finalTransforms took 41.8771ms
[debug] Load.apply: config.delegates took 0.4029ms
[debug] Load.apply: Def.make(settings)... took 235.0218ms
[debug] Load.apply: structureIndex took 53.8457ms
[debug] Load.apply: mkStreams took 0.0024ms
[info] set current project to todosproject (in build file:/D:/ScalaBackendNew/ToDoProject/)
[debug] > Exec(sbtPopOnFailure, None, None)
[debug] > Exec(resumeFromFailure, None, None)
[debug] > Exec(notifyUsersAboutShell, None, None)
[debug] > Exec(iflast shell, None, None)
[debug] > Exec(; set ideaPort in Global := 49765 ; idea-shell, None, None)
[debug] > Exec(set ideaPort in Global := 49765, None, None)
[info] Defining Global / ideaPort
[info] The new value will be used by Compile / compile, Test / compile
[debug] Defining 
[debug] 	Global / ideaPort
[debug] 
[debug] The new value will be used by 
[debug] 	Compile / compile
[debug] 	Test / compile
[info] Reapplying settings...
[info] set current project to todosproject (in build file:/D:/ScalaBackendNew/ToDoProject/)
[debug] > Exec(idea-shell, None, None)
